<?xml version="1.0" encoding="UTF-8"?>
<!-- Generated by org.testng.reporters.JUnitXMLReporter -->
<testsuite ignored="2" hostname="SWQA-1" failures="0" tests="1" name="Default test" time="28.81" errors="0" timestamp="2024-06-28T10:54:34 BST">
  <testcase classname="sm.tests.HawkEyetest" name="Hwkeye" time="14.195"/>
  <testcase classname="sm.tests.HawkEyetest" name="askTRACK" time="0.0">
    <ignored/>
  </testcase> <!-- askTRACK -->
  <testcase classname="sm.tests.HawkEyetest" name="HwkeyeJobsearch" time="0.0">
    <ignored/>
  </testcase> <!-- HwkeyeJobsearch -->
</testsuite> <!-- Default test -->
