<?xml version="1.0" encoding="UTF-8"?>
<!-- Generated by org.testng.reporters.JUnitXMLReporter -->
<testsuite ignored="1" hostname="SWQA-1" failures="0" tests="1" name="Default test" time="48.813" errors="0" timestamp="2024-05-30T15:38:48 BST">
  <testcase classname="sm.tests.LandingPageTest" name="pwdSignIn" time="39.184"/>
  <testcase classname="sm.tests.LandingPageTest" name="incorrectSignIn" time="0.0">
    <ignored/>
  </testcase> <!-- incorrectSignIn -->
</testsuite> <!-- Default test -->
