<?xml version="1.0" encoding="UTF-8"?>
<!-- Generated by org.testng.reporters.JUnitXMLReporter -->
<testsuite ignored="0" hostname="SWQA-1" failures="0" tests="2" name="EscortManagementTest" time="0.014" errors="0" timestamp="2024-05-02T12:24:28 BST">
  <testcase classname="sm.tests.EscortManagementTest" name="addEscortEvent" time="0.001">
    <skipped/>
  </testcase> <!-- addEscortEvent -->
  <testcase classname="sm.tests.EscortManagementTest" name="deleteEscortEvent" time="0.0">
    <skipped/>
  </testcase> <!-- deleteEscortEvent -->
</testsuite> <!-- EscortManagementTest -->
