<?xml version="1.0" encoding="UTF-8"?>
<!-- Generated by org.testng.reporters.JUnitXMLReporter -->
<testsuite ignored="1" hostname="SWQA-1" failures="0" tests="1" name="Command line test" time="46.421" errors="0" timestamp="2024-05-31T13:38:32 BST">
  <testcase classname="sm.tests.LandingPageTest" name="pwdSignIn" time="37.397"/>
  <testcase classname="sm.tests.LandingPageTest" name="incorrectSignIn" time="0.0">
    <ignored/>
  </testcase> <!-- incorrectSignIn -->
</testsuite> <!-- Command line test -->
