<?xml version="1.0" encoding="UTF-8"?>
<!-- Generated by org.testng.reporters.JUnitXMLReporter -->
<testsuite ignored="4" hostname="SWQA-1" failures="0" tests="4" name="Command line test" time="41.42" errors="0" timestamp="2024-05-02T12:28:45 BST">
  <testcase classname="sm.tests.EscortManagementTest" name="addEscortEvent" time="11.102"/>
  <testcase classname="sm.tests.EscortManagementTest" name="deleteEscortEvent" time="4.445"/>
  <testcase classname="sm.tests.StandAloneTest" name="alarmHistory" time="6.822"/>
  <testcase classname="sm.tests.StandAloneTest" name="mableHistory" time="6.778"/>
  <testcase classname="sm.tests.StandAloneTest" name="logOut" time="0.0">
    <ignored/>
  </testcase> <!-- logOut -->
  <testcase classname="sm.tests.StandAloneTest" name="logIn" time="0.0">
    <ignored/>
  </testcase> <!-- logIn -->
  <testcase classname="sm.tests.StandAloneTest" name="mAlarmClear" time="0.0">
    <ignored/>
  </testcase> <!-- mAlarmClear -->
  <testcase classname="sm.tests.StandAloneTest" name="bAlertClear" time="0.0">
    <ignored/>
  </testcase> <!-- bAlertClear -->
</testsuite> <!-- Command line test -->
