<?xml version="1.0" encoding="UTF-8"?>
<testng-results ignored="0" total="1" passed="1" failed="0" skipped="0">
  <reporter-output>
  </reporter-output>
  <suite started-at="2024-06-26T15:45:08 BST" name="Default suite" finished-at="2024-06-26T15:45:21 BST" duration-ms="13064">
    <groups>
    </groups>
    <test started-at="2024-06-26T15:45:08 BST" name="Default test" finished-at="2024-06-26T15:45:21 BST" duration-ms="13064">
      <class name="sm.tests.test">
        <test-method signature="Hwkeye()[pri:0, instance:sm.tests.test@47c81abf]" started-at="2024-06-26T15:45:08 BST" name="Hwkeye" finished-at="2024-06-26T15:45:21 BST" duration-ms="13020" status="PASS">
          <reporter-output>
          </reporter-output>
        </test-method> <!-- Hwkeye -->
      </class> <!-- sm.tests.test -->
    </test> <!-- Default test -->
  </suite> <!-- Default suite -->
</testng-results>
