<?xml version="1.0" encoding="UTF-8"?>
<testng-results ignored="0" total="1" passed="1" failed="0" skipped="0">
  <reporter-output>
  </reporter-output>
  <suite started-at="2024-05-30T15:37:59 BST" name="Default suite" finished-at="2024-05-30T15:38:48 BST" duration-ms="48813">
    <groups>
    </groups>
    <test started-at="2024-05-30T15:37:59 BST" name="Default test" finished-at="2024-05-30T15:38:48 BST" duration-ms="48813">
      <class name="sm.tests.LandingPageTest">
        <test-method is-config="true" signature="launchApplication()[pri:0, instance:sm.tests.LandingPageTest@1e6454ec]" started-at="2024-05-30T15:37:59 BST" name="launchApplication" finished-at="2024-05-30T15:38:07 BST" duration-ms="8120" status="PASS">
          <reporter-output>
          </reporter-output>
        </test-method> <!-- launchApplication -->
        <test-method signature="pwdSignIn()[pri:0, instance:sm.tests.LandingPageTest@1e6454ec]" started-at="2024-05-30T15:38:07 BST" name="pwdSignIn" finished-at="2024-05-30T15:38:46 BST" duration-ms="39184" status="PASS">
          <reporter-output>
          </reporter-output>
        </test-method> <!-- pwdSignIn -->
        <test-method is-config="true" signature="quitBrowser()[pri:0, instance:sm.tests.LandingPageTest@1e6454ec]" started-at="2024-05-30T15:38:46 BST" name="quitBrowser" finished-at="2024-05-30T15:38:48 BST" duration-ms="1471" status="PASS">
          <reporter-output>
          </reporter-output>
        </test-method> <!-- quitBrowser -->
      </class> <!-- sm.tests.LandingPageTest -->
    </test> <!-- Default test -->
  </suite> <!-- Default suite -->
</testng-results>
